<?xml version="1.0" encoding="UTF-8"?>
<!-- Generated by org.testng.reporters.JUnitReportReporter -->
<testsuite hostname="nikolai-virtual-machine" failures="0" tests="1" name="selenium.HomePage" time="16.407" errors="0" timestamp="2023-01-17T20:06:22 EET" skipped="0">
  <testcase classname="selenium.HomePage" name="Testing" time="16.407"/>
  <system-out/>
</testsuite> <!-- selenium.HomePage -->
