<?xml version="1.0" encoding="UTF-8"?>
<!-- Generated by org.testng.reporters.JUnitReportReporter -->
<testsuite hostname="nikolai-virtual-machine" failures="0" tests="1" name="selenium.Details" time="28.759" errors="0" timestamp="2023-01-17T20:11:20 EET" skipped="0">
  <testcase classname="selenium.Details" name="Tested1" time="28.759"/>
  <system-out/>
</testsuite> <!-- selenium.Details -->
