<?xml version="1.0" encoding="UTF-8"?>
<!-- Generated by org.testng.reporters.JUnitReportReporter -->
<testsuite hostname="nikolai-virtual-machine" failures="0" tests="1" name="selenium.Test1" time="22.932" errors="0" timestamp="2023-01-16T23:19:47 EET" skipped="0">
  <testcase classname="selenium.Test1" name="Tested" time="22.932"/>
  <system-out/>
</testsuite> <!-- selenium.Test1 -->
